<?xml version="1.0" encoding="UTF-8"?>
<!-- Generated by org.testng.reporters.JUnitReportReporter -->
<testsuite skipped="0" hostname="PEBIPL1034" name="com.mktp.mktp_project.testRunner.AndroidWebRunner" tests="1" failures="0" timestamp="2021-01-25T11:52:43 IST" time="0.665" errors="0">
  <testcase name="feature" time="0.665" classname="com.mktp.mktp_project.testRunner.AndroidWebRunner"/>
  <system-out/>
</testsuite> <!-- com.mktp.mktp_project.testRunner.AndroidWebRunner -->
